<?xml version="1.0" encoding="UTF-8" ?>
<testsuites>
  <testsuite errors="1" failures="0" hostname="host0x" id="0" name="HybridServerFirstReleaseTestSuite" package="es.uvigo.esei.dai.hybridserver" skipped="0" tests="1" time="0.0" timestamp="2017-10-18T16:14:25">
      <properties>
[...]
</properties>

      <error message="es.uvigo.esei.dai.hybridserver.HybridServerFirstReleaseTestSuite" type="java.lang.ClassNotFoundException">java.lang.ClassNotFoundException: es.uvigo.esei.dai.hybridserver.HybridServerFirstReleaseTestSuite
	at java.net.URLClassLoader.findClass(URLClassLoader.java:381)
	at java.lang.ClassLoader.loadClass(ClassLoader.java:424)
	at sun.misc.Launcher$AppClassLoader.loadClass(Launcher.java:335)
	at java.lang.ClassLoader.loadClass(ClassLoader.java:357)
	at java.lang.Class.forName0(Native Method)
	at java.lang.Class.forName(Class.java:264)
</error>

      <system-out><![CDATA[]]></system-out>

      <system-err><![CDATA[]]></system-err>

  </testsuite>
</testsuites>
